<?xml version="1.0" encoding="UTF-8"?>
<testsuite xmlns:xsi="http://www.w3.org/2001/XMLSchema-instance" xsi:noNamespaceSchemaLocation="https://maven.apache.org/surefire/maven-surefire-plugin/xsd/surefire-test-report-3.0.xsd" version="3.0" name="com.smartgrid.SmartGrid.SmartGridApplicationTests" time="7.083" tests="1" errors="0" skipped="0" failures="0">
  <properties>
[...]
</properties>
  <testcase name="contextLoads" classname="com.smartgrid.SmartGrid.SmartGridApplicationTests" time="1.892">
    <system-out><![CDATA[10:36:32.574 [main] INFO org.springframework.test.context.support.AnnotationConfigContextLoaderUtils -- Could not detect default configuration classes for test class [com.smartgrid.SmartGrid.SmartGridApplicationTests]: SmartGridApplicationTests does not declare any static, non-private, non-final, nested classes annotated with @Configuration.
10:36:32.851 [main] INFO org.springframework.boot.test.context.SpringBootTestContextBootstrapper -- Found @SpringBootConfiguration com.smartgrid.SmartGrid.SmartGridApplication for test class com.smartgrid.SmartGrid.SmartGridApplicationTests

  .   ____          _            __ _ _
 /\\ / ___'_ __ _ _(_)_ __  __ _ \ \ \ \
( ( )\___ | '_ | '_| | '_ \/ _` | \ \ \ \
 \\/  ___)| |_)| | | | | || (_| |  ) ) ) )
  '  |____| .__|_| |_|_| |_\__, | / / / /
 =========|_|==============|___/=/_/_/_/
 :: Spring Boot ::                (v3.2.2)

2024-03-19T10:36:34.316+03:00  INFO 17148 --- [           main] c.s.SmartGrid.SmartGridApplicationTests  : Starting SmartGridApplicationTests using Java 21.0.2 with PID 17148 (started by Cynthia in D:\projects\Smart-Grid-Socket)
2024-03-19T10:36:34.316+03:00  INFO 17148 --- [           main] c.s.SmartGrid.SmartGridApplicationTests  : No active profile set, falling back to 1 default profile: "default"
2024-03-19T10:36:36.224+03:00  INFO 17148 --- [           main] c.c.socketio.SocketIOServer              : Session store / pubsub factory used: MemoryStoreFactory (local session store only)
2024-03-19T10:36:36.542+03:00  INFO 17148 --- [ntLoopGroup-2-1] c.c.socketio.SocketIOServer              : SocketIO server started at port: 9092
2024-03-19T10:36:37.332+03:00  INFO 17148 --- [           main] c.s.SmartGrid.SmartGridApplicationTests  : Started SmartGridApplicationTests in 4.098 seconds (process running for 6.414)
]]></system-out>
    <system-err><![CDATA[WARNING: A Java agent has been loaded dynamically (C:\Users\Cynthia\.m2\repository\net\bytebuddy\byte-buddy-agent\1.14.11\byte-buddy-agent-1.14.11.jar)
WARNING: If a serviceability tool is in use, please run with -XX:+EnableDynamicAgentLoading to hide this warning
WARNING: If a serviceability tool is not in use, please run with -Djdk.instrument.traceUsage for more information
WARNING: Dynamic loading of agents will be disallowed by default in a future release
]]></system-err>
  </testcase>
</testsuite>